#
# There is insufficient memory for the Java Runtime Environment to continue.
# Native memory allocation (malloc) failed to allocate 77776 bytes for Chunk::new
# Possible reasons:
#   The system is out of physical RAM or swap space
#   The process is running with CompressedOops enabled, and the Java Heap may be blocking the growth of the native heap
# Possible solutions:
#   Reduce memory load on the system
#   Increase physical memory or swap space
#   Check if swap backing store is full
#   Decrease Java heap size (-Xmx/-Xms)
#   Decrease number of Java threads
#   Decrease Java thread stack sizes (-Xss)
#   Set larger code cache with -XX:ReservedCodeCacheSize=
#   JVM is running with Unscaled Compressed Oops mode in which the Java heap is
#     placed in the first 4GB address space. The Java Heap base address is the
#     maximum limit for the native heap growth. Please use -XX:HeapBaseMinAddress
#     to set the Java Heap base and to place the Java Heap above 4GB virtual address.
# This output file may be truncated or incomplete.
#
#  Out of Memory Error (allocation.cpp:389), pid=5032, tid=0x0000000000000674
#
# JRE version: Java(TM) SE Runtime Environment (8.0_241-b07) (build 1.8.0_241-b07)
# Java VM: Java HotSpot(TM) 64-Bit Server VM (25.241-b07 mixed mode windows-amd64 compressed oops)
# Failed to write core dump. Minidumps are not enabled by default on client versions of Windows
#

---------------  T H R E A D  ---------------

Current thread (0x0000000012bf7000):  JavaThread "C2 CompilerThread0" daemon [_thread_in_native, id=1652, stack(0x0000000013c20000,0x0000000013d20000)]

Stack: [0x0000000013c20000,0x0000000013d20000]
[error occurred during error reporting (printing stack bounds), id 0xc0000005]

Native frames: (J=compiled Java code, j=interpreted, Vv=VM code, C=native code)


Current CompileTask:
C2: 291961 1198   !   4       org.gradle.internal.serialize.kryo.KryoBackedDecoder::readSmallInt (16 bytes)


---------------  P R O C E S S  ---------------

Java Threads: ( => current thread )
  0x00000000143e5000 JavaThread "Forward input" [_thread_blocked, id=12560, stack(0x0000000016430000,0x0000000016530000)]
  0x0000000014259800 JavaThread "DisconnectableInputStream source reader" daemon [_thread_in_native, id=5224, stack(0x0000000016330000,0x0000000016430000)]
  0x00000000147b1000 JavaThread "pool-1-thread-1" [_thread_blocked, id=6060, stack(0x0000000014c20000,0x0000000014d20000)]
  0x0000000012c5f800 JavaThread "Service Thread" daemon [_thread_blocked, id=7564, stack(0x0000000013e20000,0x0000000013f20000)]
  0x0000000012bfa000 JavaThread "C1 CompilerThread1" daemon [_thread_blocked, id=12088, stack(0x0000000013d20000,0x0000000013e20000)]
=>0x0000000012bf7000 JavaThread "C2 CompilerThread0" daemon [_thread_in_native, id=1652, stack(0x0000000013c20000,0x0000000013d20000)]
  0x0000000012bf5800 JavaThread "Attach Listener" daemon [_thread_blocked, id=12732, stack(0x0000000013b20000,0x0000000013c20000)]
  0x0000000012bf2800 JavaThread "Signal Dispatcher" daemon [_thread_blocked, id=7108, stack(0x0000000013a20000,0x0000000013b20000)]
  0x0000000002aaa000 JavaThread "Finalizer" daemon [_thread_blocked, id=208, stack(0x0000000013820000,0x0000000013920000)]
  0x0000000012bd8000 JavaThread "Reference Handler" daemon [_thread_blocked, id=880, stack(0x0000000013720000,0x0000000013820000)]
  0x00000000029b2800 JavaThread "main" [_thread_in_native, id=1680, stack(0x00000000028b0000,0x00000000029b0000)]

Other Threads:
  0x0000000012bb7000 VMThread [stack: 0x0000000013620000,0x0000000013720000] [id=10888]
  0x0000000012c6d000 WatcherThread [stack: 0x0000000013f20000,0x0000000014020000] [id=11864]

VM state:not at safepoint (normal execution)

VM Mutex/Monitor currently owned by a thread: None

heap address: 0x00000000fc000000, size: 64 MB, Compressed Oops mode: 32-bit
Narrow klass base: 0x0000000000000000, Narrow klass shift: 3
Compressed class space size: 1073741824 Address: 0x0000000100000000

Heap:
 PSYoungGen      total 18944K, used 9769K [0x00000000feb00000, 0x0000000100000000, 0x0000000100000000)
  eden space 16384K, 44% used [0x00000000feb00000,0x00000000ff20f870,0x00000000ffb00000)
  from space 2560K, 99% used [0x00000000ffd80000,0x00000000ffffaba0,0x0000000100000000)
  to   space 2560K, 0% used [0x00000000ffb00000,0x00000000ffb00000,0x00000000ffd80000)
 ParOldGen       total 44032K, used 1438K [0x00000000fc000000, 0x00000000feb00000, 0x00000000feb00000)
  object space 44032K, 3% used [0x00000000fc000000,0x00000000fc167b18,0x00000000feb00000)
 Metaspace       used 11212K, capacity 11474K, committed 11648K, reserved 1058816K
  class space    used 1473K, capacity 1593K, committed 1664K, reserved 1048576K

Card table byte_map: [0x0000000001060000,0x0000000001090000] byte_map_base: 0x0000000000880000

Marking Bits: (ParMarkBitMap*) 0x000000007274be30
 Begin Bits: [0x0000000012070000, 0x0000000012170000)
 End Bits:   [0x0000000012170000, 0x0000000012270000)

Polling page: 0x0000000001030000

CodeCache: size=245760Kb used=4026Kb max_used=4036Kb free=241733Kb
 bounds [0x0000000002ab0000, 0x0000000002eb0000, 0x0000000011ab0000]
 total_blobs=1543 nmethods=1188 adapters=269
 compilation: enabled

Compilation events (10 events):
Event: 274.382 Thread 0x0000000012bfa000 nmethod 1193 0x0000000002e88050 code [0x0000000002e881a0, 0x0000000002e88290]
Event: 274.382 Thread 0x0000000012bfa000 1194       1       org.gradle.internal.logging.events.StyledTextOutputEvent$Span::access$100 (5 bytes)
Event: 274.382 Thread 0x0000000012bfa000 nmethod 1194 0x0000000002e87d90 code [0x0000000002e87ee0, 0x0000000002e87fd0]
Event: 283.390 Thread 0x0000000012bf7000 1195   !   4       org.gradle.internal.logging.console.ThrottlingOutputEventListener::onOutput (88 bytes)
Event: 283.536 Thread 0x0000000012bf7000 nmethod 1195 0x0000000002e9acd0 code [0x0000000002e9b020, 0x0000000002e9ce20]
Event: 283.537 Thread 0x0000000012bf7000 1196       4       org.gradle.internal.logging.console.BuildLogLevelFilterRenderer::onOutput (53 bytes)
Event: 283.603 Thread 0x0000000012bf7000 nmethod 1196 0x0000000002ea1c50 code [0x0000000002ea1f20, 0x0000000002ea2f30]
Event: 291.722 Thread 0x0000000012bfa000 1197       3       org.gradle.internal.logging.serializer.ProgressCompleteEventSerializer::read (51 bytes)
Event: 291.723 Thread 0x0000000012bfa000 nmethod 1197 0x0000000002e92d90 code [0x0000000002e92fa0, 0x0000000002e93988]
Event: 291.917 Thread 0x0000000012bf7000 1198   !   4       org.gradle.internal.serialize.kryo.KryoBackedDecoder::readSmallInt (16 bytes)

GC Heap History (4 events):
Event: 4.087 GC heap before
{Heap before GC invocations=1 (full 0):
 PSYoungGen      total 18944K, used 16384K [0x00000000feb00000, 0x0000000100000000, 0x0000000100000000)
  eden space 16384K, 100% used [0x00000000feb00000,0x00000000ffb00000,0x00000000ffb00000)
  from space 2560K, 0% used [0x00000000ffd80000,0x00000000ffd80000,0x0000000100000000)
  to   space 2560K, 0% used [0x00000000ffb00000,0x00000000ffb00000,0x00000000ffd80000)
 ParOldGen       total 44032K, used 0K [0x00000000fc000000, 0x00000000feb00000, 0x00000000feb00000)
  object space 44032K, 0% used [0x00000000fc000000,0x00000000fc000000,0x00000000feb00000)
 Metaspace       used 6316K, capacity 6488K, committed 6528K, reserved 1056768K
  class space    used 800K, capacity 864K, committed 896K, reserved 1048576K
Event: 4.094 GC heap after
Heap after GC invocations=1 (full 0):
 PSYoungGen      total 18944K, used 2550K [0x00000000feb00000, 0x0000000100000000, 0x0000000100000000)
  eden space 16384K, 0% used [0x00000000feb00000,0x00000000feb00000,0x00000000ffb00000)
  from space 2560K, 99% used [0x00000000ffb00000,0x00000000ffd7d8d0,0x00000000ffd80000)
  to   space 2560K, 0% used [0x00000000ffd80000,0x00000000ffd80000,0x0000000100000000)
 ParOldGen       total 44032K, used 275K [0x00000000fc000000, 0x00000000feb00000, 0x00000000feb00000)
  object space 44032K, 0% used [0x00000000fc000000,0x00000000fc044d38,0x00000000feb00000)
 Metaspace       used 6316K, capacity 6488K, committed 6528K, reserved 1056768K
  class space    used 800K, capacity 864K, committed 896K, reserved 1048576K
}
Event: 7.040 GC heap before
{Heap before GC invocations=2 (full 0):
 PSYoungGen      total 18944K, used 18934K [0x00000000feb00000, 0x0000000100000000, 0x0000000100000000)
  eden space 16384K, 100% used [0x00000000feb00000,0x00000000ffb00000,0x00000000ffb00000)
  from space 2560K, 99% used [0x00000000ffb00000,0x00000000ffd7d8d0,0x00000000ffd80000)
  to   space 2560K, 0% used [0x00000000ffd80000,0x00000000ffd80000,0x0000000100000000)
 ParOldGen       total 44032K, used 275K [0x00000000fc000000, 0x00000000feb00000, 0x00000000feb00000)
  object space 44032K, 0% used [0x00000000fc000000,0x00000000fc044d38,0x00000000feb00000)
 Metaspace       used 9345K, capacity 9590K, committed 9856K, reserved 1058816K
  class space    used 1277K, capacity 1389K, committed 1408K, reserved 1048576K
Event: 7.063 GC heap after
Heap after GC invocations=2 (full 0):
 PSYoungGen      total 18944K, used 2538K [0x00000000feb00000, 0x0000000100000000, 0x0000000100000000)
  eden space 16384K, 0% used [0x00000000feb00000,0x00000000feb00000,0x00000000ffb00000)
  from space 2560K, 99% used [0x00000000ffd80000,0x00000000ffffaba0,0x0000000100000000)
  to   space 2560K, 0% used [0x00000000ffb00000,0x00000000ffb00000,0x00000000ffd80000)
 ParOldGen       total 44032K, used 1438K [0x00000000fc000000, 0x00000000feb00000, 0x00000000feb00000)
  object space 44032K, 3% used [0x00000000fc000000,0x00000000fc167b18,0x00000000feb00000)
 Metaspace       used 9345K, capacity 9590K, committed 9856K, reserved 1058816K
  class space    used 1277K, capacity 1389K, committed 1408K, reserved 1048576K
}

Deoptimization events (3 events):
Event: 2.025 Thread 0x00000000029b2800 Uncommon trap: reason=unstable_if action=reinterpret pc=0x0000000002c1df78 method=java.lang.String.startsWith(Ljava/lang/String;I)Z @ 25
Event: 4.655 Thread 0x00000000029b2800 Uncommon trap: reason=unstable_if action=reinterpret pc=0x0000000002d12f68 method=java.util.HashMap.hash(Ljava/lang/Object;)I @ 1
Event: 4.981 Thread 0x00000000029b2800 Uncommon trap: reason=unstable_if action=reinterpret pc=0x0000000002d0587c method=java.util.HashMap.getNode(ILjava/lang/Object;)Ljava/util/HashMap$Node; @ 129

Classes redefined (0 events):
No events

Internal exceptions (10 events):
Event: 4.742 Thread 0x00000000029b2800 Exception <a 'java/lang/ArrayIndexOutOfBoundsException'> (0x00000000ff34a150) thrown at [C:\ade\jenkins\workspace\8-2-build-windows-amd64-cygwin\jdk8u241\331\hotspot\src\share\vm\runtime\sharedRuntime.cpp, line 605]
Event: 4.742 Thread 0x00000000029b2800 Exception <a 'java/lang/ArrayIndexOutOfBoundsException'> (0x00000000ff34c1f8) thrown at [C:\ade\jenkins\workspace\8-2-build-windows-amd64-cygwin\jdk8u241\331\hotspot\src\share\vm\runtime\sharedRuntime.cpp, line 605]
Event: 4.746 Thread 0x00000000029b2800 Exception <a 'java/lang/ArrayIndexOutOfBoundsException'> (0x00000000ff360d80) thrown at [C:\ade\jenkins\workspace\8-2-build-windows-amd64-cygwin\jdk8u241\331\hotspot\src\share\vm\runtime\sharedRuntime.cpp, line 605]
Event: 4.753 Thread 0x00000000029b2800 Exception <a 'java/lang/ArrayIndexOutOfBoundsException'> (0x00000000ff364fb0) thrown at [C:\ade\jenkins\workspace\8-2-build-windows-amd64-cygwin\jdk8u241\331\hotspot\src\share\vm\runtime\sharedRuntime.cpp, line 605]
Event: 4.797 Thread 0x00000000029b2800 Exception <a 'java/lang/ArrayIndexOutOfBoundsException'> (0x00000000ff3cf8d8) thrown at [C:\ade\jenkins\workspace\8-2-build-windows-amd64-cygwin\jdk8u241\331\hotspot\src\share\vm\runtime\sharedRuntime.cpp, line 605]
Event: 4.813 Thread 0x00000000029b2800 Exception <a 'java/lang/ArrayIndexOutOfBoundsException'> (0x00000000ff3d09b0) thrown at [C:\ade\jenkins\workspace\8-2-build-windows-amd64-cygwin\jdk8u241\331\hotspot\src\share\vm\runtime\sharedRuntime.cpp, line 605]
Event: 4.813 Thread 0x00000000029b2800 Exception <a 'java/lang/ArrayIndexOutOfBoundsException'> (0x00000000ff3d3e00) thrown at [C:\ade\jenkins\workspace\8-2-build-windows-amd64-cygwin\jdk8u241\331\hotspot\src\share\vm\runtime\sharedRuntime.cpp, line 605]
Event: 4.814 Thread 0x00000000029b2800 Exception <a 'java/lang/ArrayIndexOutOfBoundsException'> (0x00000000ff3d7008) thrown at [C:\ade\jenkins\workspace\8-2-build-windows-amd64-cygwin\jdk8u241\331\hotspot\src\share\vm\runtime\sharedRuntime.cpp, line 605]
Event: 4.814 Thread 0x00000000029b2800 Exception <a 'java/lang/ArrayIndexOutOfBoundsException'> (0x00000000ff3d8b88) thrown at [C:\ade\jenkins\workspace\8-2-build-windows-amd64-cygwin\jdk8u241\331\hotspot\src\share\vm\runtime\sharedRuntime.cpp, line 605]
Event: 4.872 Thread 0x00000000029b2800 Exception <a 'java/lang/NoClassDefFoundError': org/slf4j/impl/StaticMarkerBinder> (0x00000000ff497b20) thrown at [C:\ade\jenkins\workspace\8-2-build-windows-amd64-cygwin\jdk8u241\331\hotspot\src\share\vm\classfile\systemDictionary.cpp, line 199]

Events (10 events):
Event: 106.741 Thread 0x0000000012bfa000 flushing nmethod 0x0000000002bb3e90
Event: 106.741 Thread 0x0000000012bfa000 flushing nmethod 0x0000000002bb43d0
Event: 106.741 Thread 0x0000000012bfa000 flushing nmethod 0x0000000002bbc790
Event: 106.741 Thread 0x0000000012bfa000 flushing nmethod 0x0000000002bbddd0
Event: 106.741 Thread 0x0000000012bfa000 flushing nmethod 0x0000000002bbec10
Event: 106.743 Thread 0x0000000012bfa000 flushing nmethod 0x0000000002bea390
Event: 136.609 loading class java/lang/Class$4
Event: 136.609 loading class java/lang/Class$4 done
Event: 136.618 loading class com/google/common/base/Objects
Event: 136.618 loading class com/google/common/base/Objects done


Dynamic libraries:
0x00007ff7099b0000 - 0x00007ff7099e7000 	C:\Program Files\Java\jdk1.8.0_241\bin\java.exe
0x00007ffb369a0000 - 0x00007ffb36b90000 	C:\WINDOWS\SYSTEM32\ntdll.dll
0x00007ffb357a0000 - 0x00007ffb35852000 	C:\WINDOWS\System32\KERNEL32.DLL
0x00007ffb34880000 - 0x00007ffb34b23000 	C:\WINDOWS\System32\KERNELBASE.dll
0x00007ffb34ff0000 - 0x00007ffb35093000 	C:\WINDOWS\System32\ADVAPI32.dll
0x00007ffb35700000 - 0x00007ffb3579e000 	C:\WINDOWS\System32\msvcrt.dll
0x00007ffb35660000 - 0x00007ffb356f7000 	C:\WINDOWS\System32\sechost.dll
0x00007ffb36690000 - 0x00007ffb367b0000 	C:\WINDOWS\System32\RPCRT4.dll
0x00007ffb35860000 - 0x00007ffb359f4000 	C:\WINDOWS\System32\USER32.dll
0x00007ffb34850000 - 0x00007ffb34871000 	C:\WINDOWS\System32\win32u.dll
0x00007ffb363e0000 - 0x00007ffb36406000 	C:\WINDOWS\System32\GDI32.dll
0x00007ffb33e40000 - 0x00007ffb33fd4000 	C:\WINDOWS\System32\gdi32full.dll
0x00007ffb33fe0000 - 0x00007ffb3407e000 	C:\WINDOWS\System32\msvcp_win.dll
0x00007ffb33c40000 - 0x00007ffb33d3a000 	C:\WINDOWS\System32\ucrtbase.dll
0x00007ffb32df0000 - 0x00007ffb33075000 	C:\WINDOWS\WinSxS\amd64_microsoft.windows.common-controls_6595b64144ccf1df_6.0.18362.720_none_e6beb5c51314836b\COMCTL32.dll
0x00007ffb34b30000 - 0x00007ffb34e66000 	C:\WINDOWS\System32\combase.dll
0x00007ffb33d40000 - 0x00007ffb33dc0000 	C:\WINDOWS\System32\bcryptPrimitives.dll
0x00007ffb363b0000 - 0x00007ffb363de000 	C:\WINDOWS\System32\IMM32.DLL
0x0000000072de0000 - 0x0000000072eb2000 	C:\Program Files\Java\jdk1.8.0_241\jre\bin\msvcr100.dll
0x0000000071f20000 - 0x00000000727cc000 	C:\Program Files\Java\jdk1.8.0_241\jre\bin\server\jvm.dll
0x00007ffb351d0000 - 0x00007ffb351d8000 	C:\WINDOWS\System32\PSAPI.DLL
0x00007ffb21f90000 - 0x00007ffb21f99000 	C:\WINDOWS\SYSTEM32\WSOCK32.dll
0x00007ffb30df0000 - 0x00007ffb30e14000 	C:\WINDOWS\SYSTEM32\WINMM.dll
0x00007ffb36250000 - 0x00007ffb362bf000 	C:\WINDOWS\System32\WS2_32.dll
0x00007ffb22800000 - 0x00007ffb2280a000 	C:\WINDOWS\SYSTEM32\VERSION.dll
0x00007ffb30dc0000 - 0x00007ffb30ded000 	C:\WINDOWS\SYSTEM32\WINMMBASE.dll
0x00007ffb34080000 - 0x00007ffb340ca000 	C:\WINDOWS\System32\cfgmgr32.dll
0x00007ffb31ea0000 - 0x00007ffb31eaf000 	C:\Program Files\Java\jdk1.8.0_241\jre\bin\verify.dll
0x00007ffb31bb0000 - 0x00007ffb31bd9000 	C:\Program Files\Java\jdk1.8.0_241\jre\bin\java.dll
0x00007ffb31c70000 - 0x00007ffb31c86000 	C:\Program Files\Java\jdk1.8.0_241\jre\bin\zip.dll
0x00007ffb35b60000 - 0x00007ffb36245000 	C:\WINDOWS\System32\SHELL32.dll
0x00007ffb34e70000 - 0x00007ffb34f19000 	C:\WINDOWS\System32\shcore.dll
0x00007ffb340d0000 - 0x00007ffb34850000 	C:\WINDOWS\System32\windows.storage.dll
0x00007ffb339e0000 - 0x00007ffb33a03000 	C:\WINDOWS\System32\profapi.dll
0x00007ffb33970000 - 0x00007ffb339ba000 	C:\WINDOWS\System32\powrprof.dll
0x00007ffb33940000 - 0x00007ffb33950000 	C:\WINDOWS\System32\UMPDC.dll
0x00007ffb34f20000 - 0x00007ffb34f72000 	C:\WINDOWS\System32\shlwapi.dll
0x00007ffb339c0000 - 0x00007ffb339d1000 	C:\WINDOWS\System32\kernel.appcore.dll
0x00007ffb33dc0000 - 0x00007ffb33dd7000 	C:\WINDOWS\System32\cryptsp.dll
0x00007ffb279f0000 - 0x00007ffb27a0a000 	C:\Program Files\Java\jdk1.8.0_241\jre\bin\net.dll
0x00007ffb32ad0000 - 0x00007ffb32b37000 	C:\WINDOWS\system32\mswsock.dll
0x00007ffb273a0000 - 0x00007ffb273b2000 	C:\Program Files\Java\jdk1.8.0_241\jre\bin\nio.dll
0x00007ffb2ca10000 - 0x00007ffb2ca2e000 	C:\Users\andre\.gradle\native\25\windows-amd64\native-platform.dll
0x00007ffb2f4b0000 - 0x00007ffb2f4bd000 	C:\Program Files\Java\jdk1.8.0_241\jre\bin\management.dll
0x00007ffb32640000 - 0x00007ffb32673000 	C:\WINDOWS\system32\rsaenh.dll
0x00007ffb33a10000 - 0x00007ffb33a36000 	C:\WINDOWS\System32\bcrypt.dll
0x00007ffb33860000 - 0x00007ffb33885000 	C:\WINDOWS\SYSTEM32\USERENV.dll
0x00007ffb32cc0000 - 0x00007ffb32ccc000 	C:\WINDOWS\SYSTEM32\CRYPTBASE.dll
0x00007ffb327e0000 - 0x00007ffb3281a000 	C:\WINDOWS\SYSTEM32\IPHLPAPI.DLL
0x00007ffb36410000 - 0x00007ffb36418000 	C:\WINDOWS\System32\NSI.dll
0x00007ffb28b60000 - 0x00007ffb28b76000 	C:\WINDOWS\SYSTEM32\dhcpcsvc6.DLL
0x00007ffb29160000 - 0x00007ffb2917c000 	C:\WINDOWS\SYSTEM32\dhcpcsvc.DLL
0x00007ffb32820000 - 0x00007ffb328ea000 	C:\WINDOWS\SYSTEM32\DNSAPI.dll

VM Arguments:
jvm_args: -Xmx64m -Xms64m -Dorg.gradle.appname=gradlew 
java_command: org.gradle.wrapper.GradleWrapperMain cdvBuildDebug -b C:\Users\andre\OneDrive\Escritorio\MOVIL\PROYECTOFINAL\appmovil\platforms\android\build.gradle
java_class_path (initial): C:\Users\andre\OneDrive\Escritorio\MOVIL\PROYECTOFINAL\appmovil\platforms\android\\gradle\wrapper\gradle-wrapper.jar
Launcher Type: SUN_STANDARD

Environment Variables:
JAVA_HOME=C:\Program Files\Java\jdk1.8.0_241
CLASSPATH=C:\Users\andre\OneDrive\Escritorio\MOVIL\PROYECTOFINAL\appmovil\platforms\android\\gradle\wrapper\gradle-wrapper.jar
PATH=C:\Users\andre\OneDrive\Escritorio\MOVIL\PROYECTOFINAL\appmovil\node_modules\.bin;C:\Program Files (x86)\Common Files\Oracle\Java\javapath;C:\ProgramData\Oracle\Java\javapath;C:\Program Files (x86)\Intel\TXE Components\iCLS\;C:\Program Files\Intel\TXE Components\iCLS\;C:\WINDOWS\system32;C:\WINDOWS;C:\WINDOWS\System32\Wbem;C:\WINDOWS\System32\WindowsPowerShell\v1.0\;C:\Program Files\Intel\WiFi\bin\;C:\Program Files\Common Files\Intel\WirelessCommon\;C:\Program Files\Intel\TXE Components\DAL\;C:\Program Files (x86)\Intel\TXE Components\DAL\;C:\Program Files\Intel\TXE Components\IPT\;C:\Program Files (x86)\Intel\TXE Components\IPT\;C:\WINDOWS\System32\OpenSSH\;C:\Program Files\Git\cmd;C:\Program Files\nodejs\;C:\Program Files\MongoDB\Server\4.2\bin;C:\Program Files\Java\jdk1.8.0_241\bin;C:\gradle-6.2.1\bin;C:\Program Files\Java\jdk1.8.0_241\bin;C:\Program Files\OpenSSL-Win64\bin\;C:\Program Files (x86)\Common Files\Oracle\Java\javapath;C:\Program Files (x86)\Intel\TXE Components\iCLS\;C:\Program Files\Intel\TXE Components\iCLS\;C:\WINDOWS\system32;C:\WINDOWS;C:\WINDOWS\System32\Wbem;C:\WINDOWS\System32\WindowsPowerShell\v1.0\;C:\Program Files\Intel\WiFi\bin\;C:\Program Files\Common Files\Intel\WirelessCommon\;C:\Program Files\Intel\TXE Components\DAL\;C:\Program Files (x86)\Intel\TXE Components\DAL\;C:\Program Files\Intel\TXE Components\IPT\;C:\Program Files (x86)\Intel\TXE Components\IPT\;C:\WINDOWS\System32\OpenSSH\;C:\Program Files\Git\cmd;C:\Program Files\nodejs\;C:\Users\andre\AppData\Local\Microsoft\WindowsApps;C:\Users\andre\AppData\Roaming\npm;";C:\Users\andre\AppData\Local\Programs\Microsoft VS Code\bin";C:\Program Files\Java\jdk1.8.0_241\bin;C:\Users\andre\AppData\Local\Programs\Microsoft VS Code\bin;C:\Program Files\OpenSSL-Win64\bin\;;C:\Users\andre\AppData\Local\Android\Sdk\tools;C:\Users\andre\AppData\Local\Android\Sdk\platform-tools;C:\Users\andre\AppData\Local\Android\Sdk\tools\bin
USERNAME=andre
OS=Windows_NT
PROCESSOR_IDENTIFIER=Intel64 Family 6 Model 92 Stepping 9, GenuineIntel



---------------  S Y S T E M  ---------------

OS: Windows 10.0 , 64 bit Build 18362 (10.0.18362.329)

CPU:total 2 (initial active 2) (2 cores per cpu, 1 threads per core) family 6 model 92 stepping 9, cmov, cx8, fxsr, mmx, sse, sse2, sse3, ssse3, sse4.1, sse4.2, popcnt, aes, clmul, erms, 3dnowpref, tsc, tscinvbit

Memory: 4k page, physical 4014368k(306180k free), swap 6062368k(2484k free)

vm_info: Java HotSpot(TM) 64-Bit Server VM (25.241-b07) for windows-amd64 JRE (1.8.0_241-b07), built on Dec 11 2019 10:21:40 by "rejava" with MS VC++ 10.0 (VS2010)

time: Wed Apr 15 20:05:51 2020
timezone: Central Daylight Time (Mexico)
elapsed time: 292 seconds (0d 0h 4m 52s)

